Start testing: Mar 07 16:55 Jerusalem Standard Time
----------------------------------------------------------
1/1 Testing: student_tests
1/1 Test: student_tests
Command: "C:/Users/roeia/Documents/Workspace/CS/exam_environment/cmake-build-debug/student_test.exe"
Directory: C:/Users/roeia/Documents/Workspace/CS/exam_environment/cmake-build-debug
"student_tests" start time: Mar 07 16:55 Jerusalem Standard Time
Output:
----------------------------------------------------------

[0;36m------------------------------------------------------------[0m

[1;32mTest One - Passed! [0m

[0;36m------------------------------------------------------------[0m

[1;31mTest Two - Failed![0m

[1;34mExpected Output: [0m
Please enter a number:
The number 2 is odd!

[1;34mActual Output: [0m
Please enter a number:
The number 2 is even!


[0;36m------------------------------------------------------------[0m

[1;32mAnother Test - Passed! [0m

[0;36m------------------------------------------------------------[0m

[1;31m1 Test Failed![0m

<end of output>
Test time =   1.00 sec
----------------------------------------------------------
Test Failed.
"student_tests" end time: Mar 07 16:55 Jerusalem Standard Time
"student_tests" time elapsed: 00:00:00
----------------------------------------------------------

End testing: Mar 07 16:55 Jerusalem Standard Time
